[INFO  - 2015-04-02T08:29:52.401Z] GhostDriver - Main - running on port 25935
[INFO  - 2015-04-02T08:29:52.795Z] Session [6f4cf270-d912-11e4-a67e-4fe7b44f0492] - _decorateNewWindow - page.settings: {"XSSAuditingEnabled":false,"javascriptCanCloseWindows":true,"javascriptCanOpenWindows":true,"javascriptEnabled":true,"loadImages":true,"localToRemoteUrlAccessEnabled":false,"userAgent":"Mozilla/5.0 (Macintosh; Intel Mac OS X) AppleWebKit/534.34 (KHTML, like Gecko) PhantomJS/1.9.2 Safari/534.34","webSecurityEnabled":true}
[INFO  - 2015-04-02T08:29:52.795Z] Session [6f4cf270-d912-11e4-a67e-4fe7b44f0492] - page.customHeaders:  - {}
[INFO  - 2015-04-02T08:29:52.795Z] Session [6f4cf270-d912-11e4-a67e-4fe7b44f0492] - CONSTRUCTOR - Desired Capabilities: {"phantomjs.binary.path":"phantomjs-1.9.2-macosx/bin/phantomjs"}
[INFO  - 2015-04-02T08:29:52.795Z] Session [6f4cf270-d912-11e4-a67e-4fe7b44f0492] - CONSTRUCTOR - Negotiated Capabilities: {"browserName":"phantomjs","version":"1.9.2","driverName":"ghostdriver","driverVersion":"1.0.4","platform":"mac-unknown-32bit","javascriptEnabled":true,"takesScreenshot":true,"handlesAlerts":false,"databaseEnabled":false,"locationContextEnabled":false,"applicationCacheEnabled":false,"browserConnectionEnabled":false,"cssSelectorsEnabled":true,"webStorageEnabled":false,"rotatable":false,"acceptSslCerts":false,"nativeEvents":true,"proxy":{"proxyType":"direct"}}
[INFO  - 2015-04-02T08:29:52.795Z] SessionManagerReqHand - _postNewSessionCommand - New Session Created: 6f4cf270-d912-11e4-a67e-4fe7b44f0492
[INFO  - 2015-04-02T08:29:56.312Z] ShutdownReqHand - _handle - About to shutdown
[INFO  - 2015-04-02T09:28:46.377Z] GhostDriver - Main - running on port 1684
[INFO  - 2015-04-02T09:28:46.789Z] Session [a9b9ca20-d91a-11e4-9ce8-fdd37f756747] - _decorateNewWindow - page.settings: {"XSSAuditingEnabled":false,"javascriptCanCloseWindows":true,"javascriptCanOpenWindows":true,"javascriptEnabled":true,"loadImages":true,"localToRemoteUrlAccessEnabled":false,"userAgent":"Mozilla/5.0 (Macintosh; Intel Mac OS X) AppleWebKit/534.34 (KHTML, like Gecko) PhantomJS/1.9.2 Safari/534.34","webSecurityEnabled":true}
[INFO  - 2015-04-02T09:28:46.790Z] Session [a9b9ca20-d91a-11e4-9ce8-fdd37f756747] - page.customHeaders:  - {}
[INFO  - 2015-04-02T09:28:46.790Z] Session [a9b9ca20-d91a-11e4-9ce8-fdd37f756747] - CONSTRUCTOR - Desired Capabilities: {"phantomjs.binary.path":"phantomjs-1.9.2-macosx/bin/phantomjs"}
[INFO  - 2015-04-02T09:28:46.790Z] Session [a9b9ca20-d91a-11e4-9ce8-fdd37f756747] - CONSTRUCTOR - Negotiated Capabilities: {"browserName":"phantomjs","version":"1.9.2","driverName":"ghostdriver","driverVersion":"1.0.4","platform":"mac-unknown-32bit","javascriptEnabled":true,"takesScreenshot":true,"handlesAlerts":false,"databaseEnabled":false,"locationContextEnabled":false,"applicationCacheEnabled":false,"browserConnectionEnabled":false,"cssSelectorsEnabled":true,"webStorageEnabled":false,"rotatable":false,"acceptSslCerts":false,"nativeEvents":true,"proxy":{"proxyType":"direct"}}
[INFO  - 2015-04-02T09:28:46.790Z] SessionManagerReqHand - _postNewSessionCommand - New Session Created: a9b9ca20-d91a-11e4-9ce8-fdd37f756747
[INFO  - 2015-04-02T09:28:48.408Z] ShutdownReqHand - _handle - About to shutdown
[INFO  - 2015-04-02T09:28:50.824Z] GhostDriver - Main - running on port 23013
[INFO  - 2015-04-02T09:28:50.944Z] Session [ac33a3c0-d91a-11e4-93cb-19454455e971] - _decorateNewWindow - page.settings: {"XSSAuditingEnabled":false,"javascriptCanCloseWindows":true,"javascriptCanOpenWindows":true,"javascriptEnabled":true,"loadImages":true,"localToRemoteUrlAccessEnabled":false,"userAgent":"Mozilla/5.0 (Macintosh; Intel Mac OS X) AppleWebKit/534.34 (KHTML, like Gecko) PhantomJS/1.9.2 Safari/534.34","webSecurityEnabled":true}
[INFO  - 2015-04-02T09:28:50.944Z] Session [ac33a3c0-d91a-11e4-93cb-19454455e971] - page.customHeaders:  - {}
[INFO  - 2015-04-02T09:28:50.944Z] Session [ac33a3c0-d91a-11e4-93cb-19454455e971] - CONSTRUCTOR - Desired Capabilities: {"phantomjs.binary.path":"phantomjs-1.9.2-macosx/bin/phantomjs"}
[INFO  - 2015-04-02T09:28:50.944Z] Session [ac33a3c0-d91a-11e4-93cb-19454455e971] - CONSTRUCTOR - Negotiated Capabilities: {"browserName":"phantomjs","version":"1.9.2","driverName":"ghostdriver","driverVersion":"1.0.4","platform":"mac-unknown-32bit","javascriptEnabled":true,"takesScreenshot":true,"handlesAlerts":false,"databaseEnabled":false,"locationContextEnabled":false,"applicationCacheEnabled":false,"browserConnectionEnabled":false,"cssSelectorsEnabled":true,"webStorageEnabled":false,"rotatable":false,"acceptSslCerts":false,"nativeEvents":true,"proxy":{"proxyType":"direct"}}
[INFO  - 2015-04-02T09:28:50.944Z] SessionManagerReqHand - _postNewSessionCommand - New Session Created: ac33a3c0-d91a-11e4-93cb-19454455e971
[ERROR - 2015-04-02T09:28:51.136Z] WebElementLocator - _handleLocateCommand - Element(s) NOT Found: GAVE UP. Search Stop Time: 1427966931117
[INFO  - 2015-04-02T09:33:50.837Z] SessionManagerReqHand - _cleanupWindowlessSessions - Asynchronous Sessions clean-up phase starting NOW
[INFO  - 2015-04-02T09:34:08.693Z] GhostDriver - Main - running on port 4934
[INFO  - 2015-04-02T09:34:09.140Z] Session [69dca610-d91b-11e4-af25-f367bf344ff4] - _decorateNewWindow - page.settings: {"XSSAuditingEnabled":false,"javascriptCanCloseWindows":true,"javascriptCanOpenWindows":true,"javascriptEnabled":true,"loadImages":true,"localToRemoteUrlAccessEnabled":false,"userAgent":"Mozilla/5.0 (Macintosh; Intel Mac OS X) AppleWebKit/534.34 (KHTML, like Gecko) PhantomJS/1.9.2 Safari/534.34","webSecurityEnabled":true}
[INFO  - 2015-04-02T09:34:09.140Z] Session [69dca610-d91b-11e4-af25-f367bf344ff4] - page.customHeaders:  - {}
[INFO  - 2015-04-02T09:34:09.140Z] Session [69dca610-d91b-11e4-af25-f367bf344ff4] - CONSTRUCTOR - Desired Capabilities: {"phantomjs.binary.path":"phantomjs-1.9.2-macosx/bin/phantomjs"}
[INFO  - 2015-04-02T09:34:09.140Z] Session [69dca610-d91b-11e4-af25-f367bf344ff4] - CONSTRUCTOR - Negotiated Capabilities: {"browserName":"phantomjs","version":"1.9.2","driverName":"ghostdriver","driverVersion":"1.0.4","platform":"mac-unknown-32bit","javascriptEnabled":true,"takesScreenshot":true,"handlesAlerts":false,"databaseEnabled":false,"locationContextEnabled":false,"applicationCacheEnabled":false,"browserConnectionEnabled":false,"cssSelectorsEnabled":true,"webStorageEnabled":false,"rotatable":false,"acceptSslCerts":false,"nativeEvents":true,"proxy":{"proxyType":"direct"}}
[INFO  - 2015-04-02T09:34:09.140Z] SessionManagerReqHand - _postNewSessionCommand - New Session Created: 69dca610-d91b-11e4-af25-f367bf344ff4
[INFO  - 2015-04-02T09:34:10.646Z] ShutdownReqHand - _handle - About to shutdown
[INFO  - 2015-04-02T09:34:13.004Z] GhostDriver - Main - running on port 2557
[INFO  - 2015-04-02T09:34:13.182Z] Session [6c451a90-d91b-11e4-b91e-c9e85895905e] - _decorateNewWindow - page.settings: {"XSSAuditingEnabled":false,"javascriptCanCloseWindows":true,"javascriptCanOpenWindows":true,"javascriptEnabled":true,"loadImages":true,"localToRemoteUrlAccessEnabled":false,"userAgent":"Mozilla/5.0 (Macintosh; Intel Mac OS X) AppleWebKit/534.34 (KHTML, like Gecko) PhantomJS/1.9.2 Safari/534.34","webSecurityEnabled":true}
[INFO  - 2015-04-02T09:34:13.182Z] Session [6c451a90-d91b-11e4-b91e-c9e85895905e] - page.customHeaders:  - {}
[INFO  - 2015-04-02T09:34:13.183Z] Session [6c451a90-d91b-11e4-b91e-c9e85895905e] - CONSTRUCTOR - Desired Capabilities: {"phantomjs.binary.path":"phantomjs-1.9.2-macosx/bin/phantomjs"}
[INFO  - 2015-04-02T09:34:13.183Z] Session [6c451a90-d91b-11e4-b91e-c9e85895905e] - CONSTRUCTOR - Negotiated Capabilities: {"browserName":"phantomjs","version":"1.9.2","driverName":"ghostdriver","driverVersion":"1.0.4","platform":"mac-unknown-32bit","javascriptEnabled":true,"takesScreenshot":true,"handlesAlerts":false,"databaseEnabled":false,"locationContextEnabled":false,"applicationCacheEnabled":false,"browserConnectionEnabled":false,"cssSelectorsEnabled":true,"webStorageEnabled":false,"rotatable":false,"acceptSslCerts":false,"nativeEvents":true,"proxy":{"proxyType":"direct"}}
[INFO  - 2015-04-02T09:34:13.183Z] SessionManagerReqHand - _postNewSessionCommand - New Session Created: 6c451a90-d91b-11e4-b91e-c9e85895905e
[ERROR - 2015-04-02T09:34:13.378Z] WebElementLocator - _handleLocateCommand - Element(s) NOT Found: GAVE UP. Search Stop Time: 1427967253360
[INFO  - 2015-04-02T09:38:25.774Z] GhostDriver - Main - running on port 41901
[INFO  - 2015-04-02T09:38:26.094Z] Session [0304b7b0-d91c-11e4-961b-e9ebdcb6f949] - _decorateNewWindow - page.settings: {"XSSAuditingEnabled":false,"javascriptCanCloseWindows":true,"javascriptCanOpenWindows":true,"javascriptEnabled":true,"loadImages":true,"localToRemoteUrlAccessEnabled":false,"userAgent":"Mozilla/5.0 (Macintosh; Intel Mac OS X) AppleWebKit/534.34 (KHTML, like Gecko) PhantomJS/1.9.2 Safari/534.34","webSecurityEnabled":true}
[INFO  - 2015-04-02T09:38:26.094Z] Session [0304b7b0-d91c-11e4-961b-e9ebdcb6f949] - page.customHeaders:  - {}
[INFO  - 2015-04-02T09:38:26.094Z] Session [0304b7b0-d91c-11e4-961b-e9ebdcb6f949] - CONSTRUCTOR - Desired Capabilities: {"phantomjs.binary.path":"phantomjs-1.9.2-macosx/bin/phantomjs"}
[INFO  - 2015-04-02T09:38:26.094Z] Session [0304b7b0-d91c-11e4-961b-e9ebdcb6f949] - CONSTRUCTOR - Negotiated Capabilities: {"browserName":"phantomjs","version":"1.9.2","driverName":"ghostdriver","driverVersion":"1.0.4","platform":"mac-unknown-32bit","javascriptEnabled":true,"takesScreenshot":true,"handlesAlerts":false,"databaseEnabled":false,"locationContextEnabled":false,"applicationCacheEnabled":false,"browserConnectionEnabled":false,"cssSelectorsEnabled":true,"webStorageEnabled":false,"rotatable":false,"acceptSslCerts":false,"nativeEvents":true,"proxy":{"proxyType":"direct"}}
[INFO  - 2015-04-02T09:38:26.094Z] SessionManagerReqHand - _postNewSessionCommand - New Session Created: 0304b7b0-d91c-11e4-961b-e9ebdcb6f949
[INFO  - 2015-04-02T09:38:27.747Z] ShutdownReqHand - _handle - About to shutdown
[INFO  - 2015-04-02T09:38:30.144Z] GhostDriver - Main - running on port 32195
[INFO  - 2015-04-02T09:38:30.285Z] Session [0583e880-d91c-11e4-a0b0-2996b418499d] - _decorateNewWindow - page.settings: {"XSSAuditingEnabled":false,"javascriptCanCloseWindows":true,"javascriptCanOpenWindows":true,"javascriptEnabled":true,"loadImages":true,"localToRemoteUrlAccessEnabled":false,"userAgent":"Mozilla/5.0 (Macintosh; Intel Mac OS X) AppleWebKit/534.34 (KHTML, like Gecko) PhantomJS/1.9.2 Safari/534.34","webSecurityEnabled":true}
[INFO  - 2015-04-02T09:38:30.285Z] Session [0583e880-d91c-11e4-a0b0-2996b418499d] - page.customHeaders:  - {}
[INFO  - 2015-04-02T09:38:30.285Z] Session [0583e880-d91c-11e4-a0b0-2996b418499d] - CONSTRUCTOR - Desired Capabilities: {"phantomjs.binary.path":"phantomjs-1.9.2-macosx/bin/phantomjs"}
[INFO  - 2015-04-02T09:38:30.285Z] Session [0583e880-d91c-11e4-a0b0-2996b418499d] - CONSTRUCTOR - Negotiated Capabilities: {"browserName":"phantomjs","version":"1.9.2","driverName":"ghostdriver","driverVersion":"1.0.4","platform":"mac-unknown-32bit","javascriptEnabled":true,"takesScreenshot":true,"handlesAlerts":false,"databaseEnabled":false,"locationContextEnabled":false,"applicationCacheEnabled":false,"browserConnectionEnabled":false,"cssSelectorsEnabled":true,"webStorageEnabled":false,"rotatable":false,"acceptSslCerts":false,"nativeEvents":true,"proxy":{"proxyType":"direct"}}
[INFO  - 2015-04-02T09:38:30.285Z] SessionManagerReqHand - _postNewSessionCommand - New Session Created: 0583e880-d91c-11e4-a0b0-2996b418499d
[ERROR - 2015-04-02T09:38:30.484Z] WebElementLocator - _handleLocateCommand - Element(s) NOT Found: GAVE UP. Search Stop Time: 1427967510462
[INFO  - 2015-04-02T09:38:50.847Z] SessionManagerReqHand - _cleanupWindowlessSessions - Asynchronous Sessions clean-up phase starting NOW
[INFO  - 2015-04-02T09:39:13.015Z] SessionManagerReqHand - _cleanupWindowlessSessions - Asynchronous Sessions clean-up phase starting NOW
[INFO  - 2015-04-02T09:42:14.706Z] GhostDriver - Main - running on port 11769
[INFO  - 2015-04-02T09:42:14.993Z] Session [8b73eee0-d91c-11e4-b6e2-5fafe0a43f6d] - _decorateNewWindow - page.settings: {"XSSAuditingEnabled":false,"javascriptCanCloseWindows":true,"javascriptCanOpenWindows":true,"javascriptEnabled":true,"loadImages":true,"localToRemoteUrlAccessEnabled":false,"userAgent":"Mozilla/5.0 (Macintosh; Intel Mac OS X) AppleWebKit/534.34 (KHTML, like Gecko) PhantomJS/1.9.2 Safari/534.34","webSecurityEnabled":true}
[INFO  - 2015-04-02T09:42:14.993Z] Session [8b73eee0-d91c-11e4-b6e2-5fafe0a43f6d] - page.customHeaders:  - {}
[INFO  - 2015-04-02T09:42:14.993Z] Session [8b73eee0-d91c-11e4-b6e2-5fafe0a43f6d] - CONSTRUCTOR - Desired Capabilities: {"phantomjs.binary.path":"phantomjs-1.9.2-macosx/bin/phantomjs"}
[INFO  - 2015-04-02T09:42:14.993Z] Session [8b73eee0-d91c-11e4-b6e2-5fafe0a43f6d] - CONSTRUCTOR - Negotiated Capabilities: {"browserName":"phantomjs","version":"1.9.2","driverName":"ghostdriver","driverVersion":"1.0.4","platform":"mac-unknown-32bit","javascriptEnabled":true,"takesScreenshot":true,"handlesAlerts":false,"databaseEnabled":false,"locationContextEnabled":false,"applicationCacheEnabled":false,"browserConnectionEnabled":false,"cssSelectorsEnabled":true,"webStorageEnabled":false,"rotatable":false,"acceptSslCerts":false,"nativeEvents":true,"proxy":{"proxyType":"direct"}}
[INFO  - 2015-04-02T09:42:14.993Z] SessionManagerReqHand - _postNewSessionCommand - New Session Created: 8b73eee0-d91c-11e4-b6e2-5fafe0a43f6d
[INFO  - 2015-04-02T09:42:16.709Z] ShutdownReqHand - _handle - About to shutdown
[INFO  - 2015-04-02T09:43:19.155Z] GhostDriver - Main - running on port 15465
[INFO  - 2015-04-02T09:43:19.623Z] Session [b1f98930-d91c-11e4-ad0f-415c549097b7] - _decorateNewWindow - page.settings: {"XSSAuditingEnabled":false,"javascriptCanCloseWindows":true,"javascriptCanOpenWindows":true,"javascriptEnabled":true,"loadImages":true,"localToRemoteUrlAccessEnabled":false,"userAgent":"Mozilla/5.0 (Macintosh; Intel Mac OS X) AppleWebKit/534.34 (KHTML, like Gecko) PhantomJS/1.9.2 Safari/534.34","webSecurityEnabled":true}
[INFO  - 2015-04-02T09:43:19.623Z] Session [b1f98930-d91c-11e4-ad0f-415c549097b7] - page.customHeaders:  - {}
[INFO  - 2015-04-02T09:43:19.623Z] Session [b1f98930-d91c-11e4-ad0f-415c549097b7] - CONSTRUCTOR - Desired Capabilities: {"phantomjs.binary.path":"phantomjs-1.9.2-macosx/bin/phantomjs"}
[INFO  - 2015-04-02T09:43:19.623Z] Session [b1f98930-d91c-11e4-ad0f-415c549097b7] - CONSTRUCTOR - Negotiated Capabilities: {"browserName":"phantomjs","version":"1.9.2","driverName":"ghostdriver","driverVersion":"1.0.4","platform":"mac-unknown-32bit","javascriptEnabled":true,"takesScreenshot":true,"handlesAlerts":false,"databaseEnabled":false,"locationContextEnabled":false,"applicationCacheEnabled":false,"browserConnectionEnabled":false,"cssSelectorsEnabled":true,"webStorageEnabled":false,"rotatable":false,"acceptSslCerts":false,"nativeEvents":true,"proxy":{"proxyType":"direct"}}
[INFO  - 2015-04-02T09:43:19.623Z] SessionManagerReqHand - _postNewSessionCommand - New Session Created: b1f98930-d91c-11e4-ad0f-415c549097b7
[INFO  - 2015-04-02T09:43:21.070Z] ShutdownReqHand - _handle - About to shutdown
[INFO  - 2015-04-02T09:43:30.161Z] SessionManagerReqHand - _cleanupWindowlessSessions - Asynchronous Sessions clean-up phase starting NOW
[INFO  - 2015-04-02T09:43:39.385Z] GhostDriver - Main - running on port 48486
[INFO  - 2015-04-02T09:43:39.700Z] Session [bdf13210-d91c-11e4-b28d-31ffb103a939] - _decorateNewWindow - page.settings: {"XSSAuditingEnabled":false,"javascriptCanCloseWindows":true,"javascriptCanOpenWindows":true,"javascriptEnabled":true,"loadImages":true,"localToRemoteUrlAccessEnabled":false,"userAgent":"Mozilla/5.0 (Macintosh; Intel Mac OS X) AppleWebKit/534.34 (KHTML, like Gecko) PhantomJS/1.9.2 Safari/534.34","webSecurityEnabled":true}
[INFO  - 2015-04-02T09:43:39.700Z] Session [bdf13210-d91c-11e4-b28d-31ffb103a939] - page.customHeaders:  - {}
[INFO  - 2015-04-02T09:43:39.700Z] Session [bdf13210-d91c-11e4-b28d-31ffb103a939] - CONSTRUCTOR - Desired Capabilities: {"phantomjs.binary.path":"phantomjs-1.9.2-macosx/bin/phantomjs"}
[INFO  - 2015-04-02T09:43:39.700Z] Session [bdf13210-d91c-11e4-b28d-31ffb103a939] - CONSTRUCTOR - Negotiated Capabilities: {"browserName":"phantomjs","version":"1.9.2","driverName":"ghostdriver","driverVersion":"1.0.4","platform":"mac-unknown-32bit","javascriptEnabled":true,"takesScreenshot":true,"handlesAlerts":false,"databaseEnabled":false,"locationContextEnabled":false,"applicationCacheEnabled":false,"browserConnectionEnabled":false,"cssSelectorsEnabled":true,"webStorageEnabled":false,"rotatable":false,"acceptSslCerts":false,"nativeEvents":true,"proxy":{"proxyType":"direct"}}
[INFO  - 2015-04-02T09:43:39.700Z] SessionManagerReqHand - _postNewSessionCommand - New Session Created: bdf13210-d91c-11e4-b28d-31ffb103a939
[INFO  - 2015-04-02T09:43:41.142Z] ShutdownReqHand - _handle - About to shutdown
[INFO  - 2015-04-02T09:43:50.859Z] SessionManagerReqHand - _cleanupWindowlessSessions - Asynchronous Sessions clean-up phase starting NOW
[INFO  - 2015-04-02T09:44:13.032Z] SessionManagerReqHand - _cleanupWindowlessSessions - Asynchronous Sessions clean-up phase starting NOW
[INFO  - 2015-04-02T15:23:07.366Z] SessionManagerReqHand - _cleanupWindowlessSessions - Asynchronous Sessions clean-up phase starting NOW
[INFO  - 2015-04-02T15:23:28.064Z] SessionManagerReqHand - _cleanupWindowlessSessions - Asynchronous Sessions clean-up phase starting NOW
[INFO  - 2015-04-02T15:23:50.237Z] SessionManagerReqHand - _cleanupWindowlessSessions - Asynchronous Sessions clean-up phase starting NOW
[INFO  - 2015-04-02T15:26:12.041Z] GhostDriver - Main - running on port 1538
[INFO  - 2015-04-02T15:26:12.411Z] Session [98500380-d94c-11e4-9b33-99fe25d12c44] - _decorateNewWindow - page.settings: {"XSSAuditingEnabled":false,"javascriptCanCloseWindows":true,"javascriptCanOpenWindows":true,"javascriptEnabled":true,"loadImages":true,"localToRemoteUrlAccessEnabled":false,"userAgent":"Mozilla/5.0 (Macintosh; Intel Mac OS X) AppleWebKit/534.34 (KHTML, like Gecko) PhantomJS/1.9.2 Safari/534.34","webSecurityEnabled":true}
[INFO  - 2015-04-02T15:26:12.411Z] Session [98500380-d94c-11e4-9b33-99fe25d12c44] - page.customHeaders:  - {}
[INFO  - 2015-04-02T15:26:12.411Z] Session [98500380-d94c-11e4-9b33-99fe25d12c44] - CONSTRUCTOR - Desired Capabilities: {"phantomjs.binary.path":"phantomjs-1.9.2-macosx/bin/phantomjs"}
[INFO  - 2015-04-02T15:26:12.411Z] Session [98500380-d94c-11e4-9b33-99fe25d12c44] - CONSTRUCTOR - Negotiated Capabilities: {"browserName":"phantomjs","version":"1.9.2","driverName":"ghostdriver","driverVersion":"1.0.4","platform":"mac-unknown-32bit","javascriptEnabled":true,"takesScreenshot":true,"handlesAlerts":false,"databaseEnabled":false,"locationContextEnabled":false,"applicationCacheEnabled":false,"browserConnectionEnabled":false,"cssSelectorsEnabled":true,"webStorageEnabled":false,"rotatable":false,"acceptSslCerts":false,"nativeEvents":true,"proxy":{"proxyType":"direct"}}
[INFO  - 2015-04-02T15:26:12.411Z] SessionManagerReqHand - _postNewSessionCommand - New Session Created: 98500380-d94c-11e4-9b33-99fe25d12c44
[INFO  - 2015-04-02T15:26:14.146Z] ShutdownReqHand - _handle - About to shutdown
[INFO  - 2015-04-02T15:26:16.530Z] GhostDriver - Main - running on port 16830
[INFO  - 2015-04-02T15:26:16.677Z] Session [9adacd10-d94c-11e4-aaee-5508bbbf5219] - _decorateNewWindow - page.settings: {"XSSAuditingEnabled":false,"javascriptCanCloseWindows":true,"javascriptCanOpenWindows":true,"javascriptEnabled":true,"loadImages":true,"localToRemoteUrlAccessEnabled":false,"userAgent":"Mozilla/5.0 (Macintosh; Intel Mac OS X) AppleWebKit/534.34 (KHTML, like Gecko) PhantomJS/1.9.2 Safari/534.34","webSecurityEnabled":true}
[INFO  - 2015-04-02T15:26:16.677Z] Session [9adacd10-d94c-11e4-aaee-5508bbbf5219] - page.customHeaders:  - {}
[INFO  - 2015-04-02T15:26:16.677Z] Session [9adacd10-d94c-11e4-aaee-5508bbbf5219] - CONSTRUCTOR - Desired Capabilities: {"phantomjs.binary.path":"phantomjs-1.9.2-macosx/bin/phantomjs"}
[INFO  - 2015-04-02T15:26:16.678Z] Session [9adacd10-d94c-11e4-aaee-5508bbbf5219] - CONSTRUCTOR - Negotiated Capabilities: {"browserName":"phantomjs","version":"1.9.2","driverName":"ghostdriver","driverVersion":"1.0.4","platform":"mac-unknown-32bit","javascriptEnabled":true,"takesScreenshot":true,"handlesAlerts":false,"databaseEnabled":false,"locationContextEnabled":false,"applicationCacheEnabled":false,"browserConnectionEnabled":false,"cssSelectorsEnabled":true,"webStorageEnabled":false,"rotatable":false,"acceptSslCerts":false,"nativeEvents":true,"proxy":{"proxyType":"direct"}}
[INFO  - 2015-04-02T15:26:16.678Z] SessionManagerReqHand - _postNewSessionCommand - New Session Created: 9adacd10-d94c-11e4-aaee-5508bbbf5219
[ERROR - 2015-04-02T15:26:16.878Z] WebElementLocator - _handleLocateCommand - Element(s) NOT Found: GAVE UP. Search Stop Time: 1427988376854
[INFO  - 2015-04-02T15:28:07.372Z] SessionManagerReqHand - _cleanupWindowlessSessions - Asynchronous Sessions clean-up phase starting NOW
[INFO  - 2015-04-02T15:28:28.071Z] SessionManagerReqHand - _cleanupWindowlessSessions - Asynchronous Sessions clean-up phase starting NOW
[INFO  - 2015-04-02T15:28:50.248Z] SessionManagerReqHand - _cleanupWindowlessSessions - Asynchronous Sessions clean-up phase starting NOW
[INFO  - 2015-04-02T15:31:16.544Z] SessionManagerReqHand - _cleanupWindowlessSessions - Asynchronous Sessions clean-up phase starting NOW
[INFO  - 2015-04-02T15:33:07.386Z] SessionManagerReqHand - _cleanupWindowlessSessions - Asynchronous Sessions clean-up phase starting NOW
[INFO  - 2015-04-02T15:33:28.080Z] SessionManagerReqHand - _cleanupWindowlessSessions - Asynchronous Sessions clean-up phase starting NOW
[INFO  - 2015-04-02T15:33:50.257Z] SessionManagerReqHand - _cleanupWindowlessSessions - Asynchronous Sessions clean-up phase starting NOW
[INFO  - 2015-04-02T15:36:16.553Z] SessionManagerReqHand - _cleanupWindowlessSessions - Asynchronous Sessions clean-up phase starting NOW
[INFO  - 2015-04-02T15:38:07.396Z] SessionManagerReqHand - _cleanupWindowlessSessions - Asynchronous Sessions clean-up phase starting NOW
[INFO  - 2015-04-02T15:38:28.092Z] SessionManagerReqHand - _cleanupWindowlessSessions - Asynchronous Sessions clean-up phase starting NOW
[INFO  - 2015-04-02T15:38:50.267Z] SessionManagerReqHand - _cleanupWindowlessSessions - Asynchronous Sessions clean-up phase starting NOW
[INFO  - 2015-04-02T15:39:17.071Z] GhostDriver - Main - running on port 16711
[INFO  - 2015-04-02T15:39:17.466Z] Session [6c3de670-d94e-11e4-8730-310cc35e64cb] - _decorateNewWindow - page.settings: {"XSSAuditingEnabled":false,"javascriptCanCloseWindows":true,"javascriptCanOpenWindows":true,"javascriptEnabled":true,"loadImages":true,"localToRemoteUrlAccessEnabled":false,"userAgent":"Mozilla/5.0 (Macintosh; Intel Mac OS X) AppleWebKit/534.34 (KHTML, like Gecko) PhantomJS/1.9.2 Safari/534.34","webSecurityEnabled":true}
[INFO  - 2015-04-02T15:39:17.466Z] Session [6c3de670-d94e-11e4-8730-310cc35e64cb] - page.customHeaders:  - {}
[INFO  - 2015-04-02T15:39:17.466Z] Session [6c3de670-d94e-11e4-8730-310cc35e64cb] - CONSTRUCTOR - Desired Capabilities: {"phantomjs.binary.path":"phantomjs-1.9.2-macosx/bin/phantomjs"}
[INFO  - 2015-04-02T15:39:17.466Z] Session [6c3de670-d94e-11e4-8730-310cc35e64cb] - CONSTRUCTOR - Negotiated Capabilities: {"browserName":"phantomjs","version":"1.9.2","driverName":"ghostdriver","driverVersion":"1.0.4","platform":"mac-unknown-32bit","javascriptEnabled":true,"takesScreenshot":true,"handlesAlerts":false,"databaseEnabled":false,"locationContextEnabled":false,"applicationCacheEnabled":false,"browserConnectionEnabled":false,"cssSelectorsEnabled":true,"webStorageEnabled":false,"rotatable":false,"acceptSslCerts":false,"nativeEvents":true,"proxy":{"proxyType":"direct"}}
[INFO  - 2015-04-02T15:39:17.466Z] SessionManagerReqHand - _postNewSessionCommand - New Session Created: 6c3de670-d94e-11e4-8730-310cc35e64cb
[INFO  - 2015-04-02T15:39:19.939Z] ShutdownReqHand - _handle - About to shutdown
[INFO  - 2015-04-02T15:39:22.299Z] GhostDriver - Main - running on port 39648
[INFO  - 2015-04-02T15:39:22.464Z] Session [6f3888d0-d94e-11e4-a9f2-ef471fbbafb6] - _decorateNewWindow - page.settings: {"XSSAuditingEnabled":false,"javascriptCanCloseWindows":true,"javascriptCanOpenWindows":true,"javascriptEnabled":true,"loadImages":true,"localToRemoteUrlAccessEnabled":false,"userAgent":"Mozilla/5.0 (Macintosh; Intel Mac OS X) AppleWebKit/534.34 (KHTML, like Gecko) PhantomJS/1.9.2 Safari/534.34","webSecurityEnabled":true}
[INFO  - 2015-04-02T15:39:22.464Z] Session [6f3888d0-d94e-11e4-a9f2-ef471fbbafb6] - page.customHeaders:  - {}
[INFO  - 2015-04-02T15:39:22.464Z] Session [6f3888d0-d94e-11e4-a9f2-ef471fbbafb6] - CONSTRUCTOR - Desired Capabilities: {"phantomjs.binary.path":"phantomjs-1.9.2-macosx/bin/phantomjs"}
[INFO  - 2015-04-02T15:39:22.464Z] Session [6f3888d0-d94e-11e4-a9f2-ef471fbbafb6] - CONSTRUCTOR - Negotiated Capabilities: {"browserName":"phantomjs","version":"1.9.2","driverName":"ghostdriver","driverVersion":"1.0.4","platform":"mac-unknown-32bit","javascriptEnabled":true,"takesScreenshot":true,"handlesAlerts":false,"databaseEnabled":false,"locationContextEnabled":false,"applicationCacheEnabled":false,"browserConnectionEnabled":false,"cssSelectorsEnabled":true,"webStorageEnabled":false,"rotatable":false,"acceptSslCerts":false,"nativeEvents":true,"proxy":{"proxyType":"direct"}}
[INFO  - 2015-04-02T15:39:22.464Z] SessionManagerReqHand - _postNewSessionCommand - New Session Created: 6f3888d0-d94e-11e4-a9f2-ef471fbbafb6
[ERROR - 2015-04-02T15:39:22.768Z] WebElementLocator - _handleLocateCommand - Element(s) NOT Found: GAVE UP. Search Stop Time: 1427989162745
[INFO  - 2015-04-02T15:40:07.947Z] GhostDriver - Main - running on port 29131
[INFO  - 2015-04-02T15:40:08.236Z] Session [8a80c990-d94e-11e4-9efa-dfb372a28c41] - _decorateNewWindow - page.settings: {"XSSAuditingEnabled":false,"javascriptCanCloseWindows":true,"javascriptCanOpenWindows":true,"javascriptEnabled":true,"loadImages":true,"localToRemoteUrlAccessEnabled":false,"userAgent":"Mozilla/5.0 (Macintosh; Intel Mac OS X) AppleWebKit/534.34 (KHTML, like Gecko) PhantomJS/1.9.2 Safari/534.34","webSecurityEnabled":true}
[INFO  - 2015-04-02T15:40:08.236Z] Session [8a80c990-d94e-11e4-9efa-dfb372a28c41] - page.customHeaders:  - {}
[INFO  - 2015-04-02T15:40:08.236Z] Session [8a80c990-d94e-11e4-9efa-dfb372a28c41] - CONSTRUCTOR - Desired Capabilities: {"phantomjs.binary.path":"phantomjs-1.9.2-macosx/bin/phantomjs"}
[INFO  - 2015-04-02T15:40:08.236Z] Session [8a80c990-d94e-11e4-9efa-dfb372a28c41] - CONSTRUCTOR - Negotiated Capabilities: {"browserName":"phantomjs","version":"1.9.2","driverName":"ghostdriver","driverVersion":"1.0.4","platform":"mac-unknown-32bit","javascriptEnabled":true,"takesScreenshot":true,"handlesAlerts":false,"databaseEnabled":false,"locationContextEnabled":false,"applicationCacheEnabled":false,"browserConnectionEnabled":false,"cssSelectorsEnabled":true,"webStorageEnabled":false,"rotatable":false,"acceptSslCerts":false,"nativeEvents":true,"proxy":{"proxyType":"direct"}}
[INFO  - 2015-04-02T15:40:08.236Z] SessionManagerReqHand - _postNewSessionCommand - New Session Created: 8a80c990-d94e-11e4-9efa-dfb372a28c41
[INFO  - 2015-04-02T15:40:09.806Z] ShutdownReqHand - _handle - About to shutdown
[INFO  - 2015-04-02T15:41:16.564Z] SessionManagerReqHand - _cleanupWindowlessSessions - Asynchronous Sessions clean-up phase starting NOW
[INFO  - 2015-04-02T15:43:07.408Z] SessionManagerReqHand - _cleanupWindowlessSessions - Asynchronous Sessions clean-up phase starting NOW
[INFO  - 2015-04-02T15:43:28.100Z] SessionManagerReqHand - _cleanupWindowlessSessions - Asynchronous Sessions clean-up phase starting NOW
[INFO  - 2015-04-02T15:43:50.280Z] SessionManagerReqHand - _cleanupWindowlessSessions - Asynchronous Sessions clean-up phase starting NOW
[INFO  - 2015-04-02T15:44:22.311Z] SessionManagerReqHand - _cleanupWindowlessSessions - Asynchronous Sessions clean-up phase starting NOW
[INFO  - 2015-04-02T15:46:16.575Z] SessionManagerReqHand - _cleanupWindowlessSessions - Asynchronous Sessions clean-up phase starting NOW
[INFO  - 2015-04-02T15:48:07.426Z] SessionManagerReqHand - _cleanupWindowlessSessions - Asynchronous Sessions clean-up phase starting NOW
[INFO  - 2015-04-02T15:48:28.109Z] SessionManagerReqHand - _cleanupWindowlessSessions - Asynchronous Sessions clean-up phase starting NOW
[INFO  - 2015-04-02T15:48:50.288Z] SessionManagerReqHand - _cleanupWindowlessSessions - Asynchronous Sessions clean-up phase starting NOW
[INFO  - 2015-04-02T15:49:22.321Z] SessionManagerReqHand - _cleanupWindowlessSessions - Asynchronous Sessions clean-up phase starting NOW
[INFO  - 2015-04-02T15:51:16.592Z] SessionManagerReqHand - _cleanupWindowlessSessions - Asynchronous Sessions clean-up phase starting NOW
[INFO  - 2015-04-02T15:51:36.787Z] GhostDriver - Main - running on port 24232
[INFO  - 2015-04-02T15:51:37.423Z] Session [254a60c0-d950-11e4-8e15-e350c61026fb] - _decorateNewWindow - page.settings: {"XSSAuditingEnabled":false,"javascriptCanCloseWindows":true,"javascriptCanOpenWindows":true,"javascriptEnabled":true,"loadImages":true,"localToRemoteUrlAccessEnabled":false,"userAgent":"Mozilla/5.0 (Macintosh; Intel Mac OS X) AppleWebKit/534.34 (KHTML, like Gecko) PhantomJS/1.9.2 Safari/534.34","webSecurityEnabled":true}
[INFO  - 2015-04-02T15:51:37.423Z] Session [254a60c0-d950-11e4-8e15-e350c61026fb] - page.customHeaders:  - {}
[INFO  - 2015-04-02T15:51:37.423Z] Session [254a60c0-d950-11e4-8e15-e350c61026fb] - CONSTRUCTOR - Desired Capabilities: {"javascriptEnabled":true,"phantomjs.binary.path":"phantomjs-1.9.2-macosx/bin/phantomjs","takesScreenshot":true}
[INFO  - 2015-04-02T15:51:37.423Z] Session [254a60c0-d950-11e4-8e15-e350c61026fb] - CONSTRUCTOR - Negotiated Capabilities: {"browserName":"phantomjs","version":"1.9.2","driverName":"ghostdriver","driverVersion":"1.0.4","platform":"mac-unknown-32bit","javascriptEnabled":true,"takesScreenshot":true,"handlesAlerts":false,"databaseEnabled":false,"locationContextEnabled":false,"applicationCacheEnabled":false,"browserConnectionEnabled":false,"cssSelectorsEnabled":true,"webStorageEnabled":false,"rotatable":false,"acceptSslCerts":false,"nativeEvents":true,"proxy":{"proxyType":"direct"}}
[INFO  - 2015-04-02T15:51:37.423Z] SessionManagerReqHand - _postNewSessionCommand - New Session Created: 254a60c0-d950-11e4-8e15-e350c61026fb
[INFO  - 2015-04-02T15:51:39.989Z] ShutdownReqHand - _handle - About to shutdown
[INFO  - 2015-04-02T15:52:24.119Z] GhostDriver - Main - running on port 3118
[INFO  - 2015-04-02T15:52:24.461Z] Session [4153cea0-d950-11e4-b919-cda7e3709507] - _decorateNewWindow - page.settings: {"XSSAuditingEnabled":false,"javascriptCanCloseWindows":true,"javascriptCanOpenWindows":true,"javascriptEnabled":true,"loadImages":true,"localToRemoteUrlAccessEnabled":false,"userAgent":"Mozilla/5.0 (Macintosh; Intel Mac OS X) AppleWebKit/534.34 (KHTML, like Gecko) PhantomJS/1.9.2 Safari/534.34","webSecurityEnabled":true}
[INFO  - 2015-04-02T15:52:24.462Z] Session [4153cea0-d950-11e4-b919-cda7e3709507] - page.customHeaders:  - {}
[INFO  - 2015-04-02T15:52:24.462Z] Session [4153cea0-d950-11e4-b919-cda7e3709507] - CONSTRUCTOR - Desired Capabilities: {"phantomjs.binary.path":"phantomjs-1.9.2-macosx/bin/phantomjs"}
[INFO  - 2015-04-02T15:52:24.462Z] Session [4153cea0-d950-11e4-b919-cda7e3709507] - CONSTRUCTOR - Negotiated Capabilities: {"browserName":"phantomjs","version":"1.9.2","driverName":"ghostdriver","driverVersion":"1.0.4","platform":"mac-unknown-32bit","javascriptEnabled":true,"takesScreenshot":true,"handlesAlerts":false,"databaseEnabled":false,"locationContextEnabled":false,"applicationCacheEnabled":false,"browserConnectionEnabled":false,"cssSelectorsEnabled":true,"webStorageEnabled":false,"rotatable":false,"acceptSslCerts":false,"nativeEvents":true,"proxy":{"proxyType":"direct"}}
[INFO  - 2015-04-02T15:52:24.462Z] SessionManagerReqHand - _postNewSessionCommand - New Session Created: 4153cea0-d950-11e4-b919-cda7e3709507
[INFO  - 2015-04-02T15:53:07.433Z] SessionManagerReqHand - _cleanupWindowlessSessions - Asynchronous Sessions clean-up phase starting NOW
[INFO  - 2015-04-02T15:53:28.119Z] SessionManagerReqHand - _cleanupWindowlessSessions - Asynchronous Sessions clean-up phase starting NOW
[INFO  - 2015-04-02T15:53:50.307Z] SessionManagerReqHand - _cleanupWindowlessSessions - Asynchronous Sessions clean-up phase starting NOW
[INFO  - 2015-04-02T15:54:22.331Z] SessionManagerReqHand - _cleanupWindowlessSessions - Asynchronous Sessions clean-up phase starting NOW
[INFO  - 2015-04-02T15:56:16.603Z] SessionManagerReqHand - _cleanupWindowlessSessions - Asynchronous Sessions clean-up phase starting NOW
[INFO  - 2015-04-02T15:57:24.130Z] SessionManagerReqHand - _cleanupWindowlessSessions - Asynchronous Sessions clean-up phase starting NOW
[INFO  - 2015-04-02T15:58:07.447Z] SessionManagerReqHand - _cleanupWindowlessSessions - Asynchronous Sessions clean-up phase starting NOW
[INFO  - 2015-04-02T15:58:28.132Z] SessionManagerReqHand - _cleanupWindowlessSessions - Asynchronous Sessions clean-up phase starting NOW
[INFO  - 2015-04-02T15:58:50.315Z] SessionManagerReqHand - _cleanupWindowlessSessions - Asynchronous Sessions clean-up phase starting NOW
[INFO  - 2015-04-02T15:59:22.343Z] SessionManagerReqHand - _cleanupWindowlessSessions - Asynchronous Sessions clean-up phase starting NOW
[INFO  - 2015-04-02T16:01:16.613Z] SessionManagerReqHand - _cleanupWindowlessSessions - Asynchronous Sessions clean-up phase starting NOW
[INFO  - 2015-04-02T16:02:24.139Z] SessionManagerReqHand - _cleanupWindowlessSessions - Asynchronous Sessions clean-up phase starting NOW
[INFO  - 2015-04-02T16:03:07.460Z] SessionManagerReqHand - _cleanupWindowlessSessions - Asynchronous Sessions clean-up phase starting NOW
[INFO  - 2015-04-02T16:03:28.143Z] SessionManagerReqHand - _cleanupWindowlessSessions - Asynchronous Sessions clean-up phase starting NOW
[INFO  - 2015-04-02T16:03:50.326Z] SessionManagerReqHand - _cleanupWindowlessSessions - Asynchronous Sessions clean-up phase starting NOW
[INFO  - 2015-04-02T16:04:22.356Z] SessionManagerReqHand - _cleanupWindowlessSessions - Asynchronous Sessions clean-up phase starting NOW
[INFO  - 2015-04-02T16:06:16.626Z] SessionManagerReqHand - _cleanupWindowlessSessions - Asynchronous Sessions clean-up phase starting NOW
[INFO  - 2015-04-02T16:07:24.153Z] SessionManagerReqHand - _cleanupWindowlessSessions - Asynchronous Sessions clean-up phase starting NOW
[INFO  - 2015-04-02T16:08:07.474Z] SessionManagerReqHand - _cleanupWindowlessSessions - Asynchronous Sessions clean-up phase starting NOW
[INFO  - 2015-04-02T16:08:28.157Z] SessionManagerReqHand - _cleanupWindowlessSessions - Asynchronous Sessions clean-up phase starting NOW
[INFO  - 2015-04-02T16:08:50.335Z] SessionManagerReqHand - _cleanupWindowlessSessions - Asynchronous Sessions clean-up phase starting NOW
[INFO  - 2015-04-02T16:09:22.370Z] SessionManagerReqHand - _cleanupWindowlessSessions - Asynchronous Sessions clean-up phase starting NOW
[INFO  - 2015-04-02T16:11:16.637Z] SessionManagerReqHand - _cleanupWindowlessSessions - Asynchronous Sessions clean-up phase starting NOW
[INFO  - 2015-04-02T16:12:24.166Z] SessionManagerReqHand - _cleanupWindowlessSessions - Asynchronous Sessions clean-up phase starting NOW
[INFO  - 2015-04-02T16:13:07.487Z] SessionManagerReqHand - _cleanupWindowlessSessions - Asynchronous Sessions clean-up phase starting NOW
[INFO  - 2015-04-02T16:13:28.170Z] SessionManagerReqHand - _cleanupWindowlessSessions - Asynchronous Sessions clean-up phase starting NOW
[INFO  - 2015-04-02T16:13:50.347Z] SessionManagerReqHand - _cleanupWindowlessSessions - Asynchronous Sessions clean-up phase starting NOW
[INFO  - 2015-04-02T16:14:22.384Z] SessionManagerReqHand - _cleanupWindowlessSessions - Asynchronous Sessions clean-up phase starting NOW
[INFO  - 2015-04-02T16:16:16.650Z] SessionManagerReqHand - _cleanupWindowlessSessions - Asynchronous Sessions clean-up phase starting NOW
[INFO  - 2015-04-02T16:17:24.175Z] SessionManagerReqHand - _cleanupWindowlessSessions - Asynchronous Sessions clean-up phase starting NOW
[INFO  - 2015-04-02T16:18:07.496Z] SessionManagerReqHand - _cleanupWindowlessSessions - Asynchronous Sessions clean-up phase starting NOW
[INFO  - 2015-04-02T16:18:28.179Z] SessionManagerReqHand - _cleanupWindowlessSessions - Asynchronous Sessions clean-up phase starting NOW
[INFO  - 2015-04-02T16:18:50.361Z] SessionManagerReqHand - _cleanupWindowlessSessions - Asynchronous Sessions clean-up phase starting NOW
[INFO  - 2015-04-02T16:19:22.397Z] SessionManagerReqHand - _cleanupWindowlessSessions - Asynchronous Sessions clean-up phase starting NOW
[INFO  - 2015-04-02T16:21:16.662Z] SessionManagerReqHand - _cleanupWindowlessSessions - Asynchronous Sessions clean-up phase starting NOW
